05/14/2023 11:21:09 PM: INFO: ====== WebDriver manager ======
05/14/2023 11:21:11 PM: INFO: Driver [C:\Users\Shahid Aftab\.wdm\drivers\chromedriver\win32\113.0.5672.63\chromedriver.exe] found in cache
05/14/2023 11:21:25 PM: INFO: ----------------Clicked on the login link-----------------
05/14/2023 11:21:28 PM: INFO: ----------------Checked login page header text-----------------
05/14/2023 11:21:28 PM: INFO: ----------------Entered username-----------------
05/14/2023 11:21:28 PM: INFO: ----------------Entered password-----------------
05/14/2023 11:21:31 PM: INFO: ----------------Clicked on login button-----------------
05/14/2023 11:21:36 PM: INFO: ----------------Checked username on the home page after login-----------------
05/14/2023 11:21:36 PM: INFO: ----------------Clicked on the contact link-----------------
05/14/2023 11:21:39 PM: INFO: ----------------Checked contact page header text-----------------
05/14/2023 11:43:18 PM: INFO: ====== WebDriver manager ======
05/14/2023 11:43:20 PM: INFO: Driver [C:\Users\Shahid Aftab\.wdm\drivers\chromedriver\win32\113.0.5672.63\chromedriver.exe] found in cache
05/14/2023 11:43:33 PM: INFO: ----------------Clicked on the login link-----------------
05/14/2023 11:43:36 PM: INFO: ----------------Checked login page header text-----------------
05/14/2023 11:43:36 PM: INFO: ----------------Entered username-----------------
05/14/2023 11:43:37 PM: INFO: ----------------Entered password-----------------
05/14/2023 11:43:40 PM: INFO: ----------------Clicked on login button-----------------
05/14/2023 11:43:45 PM: INFO: ----------------Checked username on the home page after login-----------------
05/14/2023 11:43:45 PM: INFO: ----------------Clicked on the contact link-----------------
05/14/2023 11:43:48 PM: INFO: ----------------Checked contact page header text-----------------
05/14/2023 11:50:04 PM: INFO: ====== WebDriver manager ======
05/14/2023 11:50:06 PM: INFO: Driver [C:\Users\Shahid Aftab\.wdm\drivers\chromedriver\win32\113.0.5672.63\chromedriver.exe] found in cache
05/14/2023 11:50:18 PM: INFO: ----------------Clicked on the login link-----------------
05/14/2023 11:50:21 PM: INFO: ----------------Checked login page header text-----------------
05/14/2023 11:50:21 PM: INFO: ----------------Entered username-----------------
05/14/2023 11:50:22 PM: INFO: ----------------Entered password-----------------
05/14/2023 11:50:25 PM: INFO: ----------------Clicked on login button-----------------
05/14/2023 11:50:30 PM: INFO: ----------------Checked username on the home page after login-----------------
05/14/2023 11:50:30 PM: INFO: ----------------Clicked on the contact link-----------------
05/14/2023 11:50:33 PM: INFO: ----------------Checked contact page header text-----------------
05/14/2023 11:50:33 PM: INFO: ----------------Entered contact email-----------------
05/14/2023 11:50:33 PM: INFO: ----------------Entered contact name-----------------
05/14/2023 11:50:33 PM: INFO: ----------------Entered message-----------------
05/14/2023 11:50:36 PM: INFO: ----------------Clicked on sendMessage button-----------------
05/14/2023 11:50:39 PM: INFO: ----------------Checked alert saying thanks text-----------------
05/14/2023 11:50:46 PM: INFO: ====== WebDriver manager ======
05/14/2023 11:50:48 PM: INFO: Driver [C:\Users\Shahid Aftab\.wdm\drivers\chromedriver\win32\113.0.5672.63\chromedriver.exe] found in cache
05/14/2023 11:50:57 PM: INFO: ----------------Clicked on the login link-----------------
05/14/2023 11:51:00 PM: INFO: ----------------Checked login page header text-----------------
05/14/2023 11:51:00 PM: INFO: ----------------Entered username-----------------
05/14/2023 11:51:00 PM: INFO: ----------------Entered password-----------------
05/14/2023 11:51:03 PM: INFO: ----------------Clicked on login button-----------------
05/14/2023 11:51:08 PM: INFO: ----------------Checked username on the home page after login-----------------
05/14/2023 11:51:08 PM: INFO: ----------------Clicked on the contact link-----------------
05/14/2023 11:51:11 PM: INFO: ----------------Checked contact page header text-----------------
05/14/2023 11:51:12 PM: INFO: ----------------Entered contact email-----------------
05/14/2023 11:51:12 PM: INFO: ----------------Entered contact name-----------------
05/14/2023 11:51:12 PM: INFO: ----------------Entered message-----------------
05/14/2023 11:51:15 PM: INFO: ----------------Clicked on sendMessage button-----------------
05/14/2023 11:51:18 PM: INFO: ----------------Checked alert saying thanks text-----------------
05/14/2023 11:51:25 PM: INFO: ====== WebDriver manager ======
05/14/2023 11:51:27 PM: INFO: Driver [C:\Users\Shahid Aftab\.wdm\drivers\chromedriver\win32\113.0.5672.63\chromedriver.exe] found in cache
05/14/2023 11:51:36 PM: INFO: ----------------Clicked on the login link-----------------
05/14/2023 11:51:39 PM: INFO: ----------------Checked login page header text-----------------
05/14/2023 11:51:39 PM: INFO: ----------------Entered username-----------------
05/14/2023 11:51:39 PM: INFO: ----------------Entered password-----------------
05/14/2023 11:51:42 PM: INFO: ----------------Clicked on login button-----------------
05/14/2023 11:51:47 PM: INFO: ----------------Checked username on the home page after login-----------------
05/14/2023 11:51:54 PM: INFO: ====== WebDriver manager ======
05/14/2023 11:51:56 PM: INFO: Driver [C:\Users\Shahid Aftab\.wdm\drivers\chromedriver\win32\113.0.5672.63\chromedriver.exe] found in cache
05/14/2023 11:52:07 PM: INFO: ----------------Clicked on the login link-----------------
05/14/2023 11:52:10 PM: INFO: ----------------Checked login page header text-----------------
05/14/2023 11:52:10 PM: INFO: ----------------Entered username-----------------
05/14/2023 11:52:10 PM: INFO: ----------------Entered password-----------------
05/14/2023 11:52:13 PM: INFO: ----------------Clicked on login button-----------------
05/14/2023 11:52:18 PM: INFO: ----------------Checked username on the home page after login-----------------
05/14/2023 11:52:25 PM: INFO: ====== WebDriver manager ======
05/14/2023 11:52:27 PM: INFO: Driver [C:\Users\Shahid Aftab\.wdm\drivers\chromedriver\win32\113.0.5672.63\chromedriver.exe] found in cache
05/14/2023 11:52:36 PM: INFO: ----------------Clicked on the login link-----------------
05/14/2023 11:52:39 PM: INFO: ----------------Checked login page header text-----------------
05/14/2023 11:52:39 PM: INFO: ----------------Entered username-----------------
05/14/2023 11:52:39 PM: INFO: ----------------Entered password-----------------
05/14/2023 11:52:42 PM: INFO: ----------------Clicked on login button-----------------
05/14/2023 11:52:47 PM: INFO: ----------------Checked username on the home page after login-----------------
05/14/2023 11:52:54 PM: INFO: ====== WebDriver manager ======
05/14/2023 11:52:56 PM: INFO: Driver [C:\Users\Shahid Aftab\.wdm\drivers\chromedriver\win32\113.0.5672.63\chromedriver.exe] found in cache
05/14/2023 11:53:05 PM: INFO: ----------------Clicked on the login link-----------------
05/14/2023 11:53:08 PM: INFO: ----------------Checked login page header text-----------------
05/14/2023 11:53:08 PM: INFO: ----------------Entered username-----------------
05/14/2023 11:53:08 PM: INFO: ----------------Entered password-----------------
05/14/2023 11:53:11 PM: INFO: ----------------Clicked on login button-----------------
05/14/2023 11:53:16 PM: INFO: ----------------Checked alert that does not allowed to login-----------------
05/30/2023 04:45:45 PM: INFO: ====== WebDriver manager ======
05/30/2023 04:45:50 PM: INFO: Get LATEST chromedriver version for google-chrome
05/30/2023 04:45:50 PM: INFO: About to download new driver from https://chromedriver.storage.googleapis.com/113.0.5672.63/chromedriver_win32.zip
05/30/2023 04:45:52 PM: INFO: Driver has been saved in cache [C:\Users\Shahid Aftab\.wdm\drivers\chromedriver\win32\113.0.5672.63]
05/30/2023 04:46:09 PM: INFO: ----------------Clicked on the login link-----------------
05/30/2023 04:46:12 PM: INFO: ----------------Checked login page header text-----------------
05/30/2023 04:46:12 PM: INFO: ----------------Entered username-----------------
05/30/2023 04:46:12 PM: INFO: ----------------Entered password-----------------
05/30/2023 04:46:15 PM: INFO: ----------------Clicked on login button-----------------
05/30/2023 04:46:21 PM: INFO: ----------------Checked username on the home page after login-----------------
05/30/2023 04:46:21 PM: INFO: ----------------Clicked on the contact link-----------------
05/30/2023 04:46:24 PM: INFO: ----------------Checked contact page header text-----------------
05/30/2023 04:46:24 PM: INFO: ----------------Entered contact email-----------------
05/30/2023 04:46:24 PM: INFO: ----------------Entered contact name-----------------
05/30/2023 04:46:24 PM: INFO: ----------------Entered message-----------------
05/30/2023 04:46:28 PM: INFO: ----------------Clicked on sendMessage button-----------------
05/30/2023 04:46:31 PM: INFO: ----------------Checked alert saying thanks text-----------------
05/30/2023 04:46:39 PM: INFO: ====== WebDriver manager ======
05/30/2023 04:46:43 PM: INFO: Driver [C:\Users\Shahid Aftab\.wdm\drivers\chromedriver\win32\113.0.5672.63\chromedriver.exe] found in cache
05/30/2023 04:46:53 PM: INFO: ----------------Clicked on the login link-----------------
05/30/2023 04:46:57 PM: INFO: ----------------Checked login page header text-----------------
05/30/2023 04:46:57 PM: INFO: ----------------Entered username-----------------
05/30/2023 04:46:57 PM: INFO: ----------------Entered password-----------------
05/30/2023 04:47:00 PM: INFO: ----------------Clicked on login button-----------------
05/30/2023 04:47:05 PM: INFO: ----------------Checked username on the home page after login-----------------
05/30/2023 04:47:06 PM: INFO: ----------------Clicked on the contact link-----------------
05/30/2023 04:47:09 PM: INFO: ----------------Checked contact page header text-----------------
05/30/2023 04:47:09 PM: INFO: ----------------Entered contact email-----------------
05/30/2023 04:47:09 PM: INFO: ----------------Entered contact name-----------------
05/30/2023 04:47:09 PM: INFO: ----------------Entered message-----------------
05/30/2023 04:47:13 PM: INFO: ----------------Clicked on sendMessage button-----------------
05/30/2023 04:47:16 PM: INFO: ----------------Checked alert saying thanks text-----------------
05/30/2023 04:47:24 PM: INFO: ====== WebDriver manager ======
05/30/2023 04:47:28 PM: INFO: Driver [C:\Users\Shahid Aftab\.wdm\drivers\chromedriver\win32\113.0.5672.63\chromedriver.exe] found in cache
05/30/2023 04:47:38 PM: INFO: ----------------Clicked on the login link-----------------
05/30/2023 04:47:41 PM: INFO: ----------------Checked login page header text-----------------
05/30/2023 04:47:41 PM: INFO: ----------------Entered username-----------------
05/30/2023 04:47:41 PM: INFO: ----------------Entered password-----------------
05/30/2023 04:47:45 PM: INFO: ----------------Clicked on login button-----------------
05/30/2023 04:47:50 PM: INFO: ----------------Checked username on the home page after login-----------------
05/30/2023 04:47:58 PM: INFO: ====== WebDriver manager ======
05/30/2023 04:48:01 PM: INFO: Driver [C:\Users\Shahid Aftab\.wdm\drivers\chromedriver\win32\113.0.5672.63\chromedriver.exe] found in cache
05/30/2023 04:48:11 PM: INFO: ----------------Clicked on the login link-----------------
05/30/2023 04:48:14 PM: INFO: ----------------Checked login page header text-----------------
05/30/2023 04:48:14 PM: INFO: ----------------Entered username-----------------
05/30/2023 04:48:14 PM: INFO: ----------------Entered password-----------------
05/30/2023 04:48:17 PM: INFO: ----------------Clicked on login button-----------------
05/30/2023 04:48:23 PM: INFO: ----------------Checked username on the home page after login-----------------
05/30/2023 04:48:31 PM: INFO: ====== WebDriver manager ======
05/30/2023 04:48:34 PM: INFO: Driver [C:\Users\Shahid Aftab\.wdm\drivers\chromedriver\win32\113.0.5672.63\chromedriver.exe] found in cache
05/30/2023 04:48:46 PM: INFO: ----------------Clicked on the login link-----------------
05/30/2023 04:48:49 PM: INFO: ----------------Checked login page header text-----------------
05/30/2023 04:48:49 PM: INFO: ----------------Entered username-----------------
05/30/2023 04:48:49 PM: INFO: ----------------Entered password-----------------
05/30/2023 04:48:53 PM: INFO: ----------------Clicked on login button-----------------
05/30/2023 04:48:58 PM: INFO: ----------------Checked username on the home page after login-----------------
05/30/2023 04:49:06 PM: INFO: ====== WebDriver manager ======
05/30/2023 04:49:09 PM: INFO: Driver [C:\Users\Shahid Aftab\.wdm\drivers\chromedriver\win32\113.0.5672.63\chromedriver.exe] found in cache
05/30/2023 04:49:18 PM: INFO: ----------------Clicked on the login link-----------------
05/30/2023 04:49:21 PM: INFO: ----------------Checked login page header text-----------------
05/30/2023 04:49:22 PM: INFO: ----------------Entered username-----------------
05/30/2023 04:49:22 PM: INFO: ----------------Entered password-----------------
05/30/2023 04:49:25 PM: INFO: ----------------Clicked on login button-----------------
05/30/2023 04:49:30 PM: INFO: ----------------Checked alert that does not allowed to login-----------------
06/07/2023 08:31:24 PM: INFO: ====== WebDriver manager ======
06/07/2023 08:31:28 PM: INFO: There is no [win32] chromedriver "latest" for browser google-chrome "114.0.5735" in cache
06/07/2023 08:31:28 PM: INFO: Get LATEST chromedriver version for google-chrome
06/07/2023 08:31:29 PM: INFO: About to download new driver from https://chromedriver.storage.googleapis.com/114.0.5735.90/chromedriver_win32.zip
06/07/2023 08:31:30 PM: INFO: Driver has been saved in cache [C:\Users\Shahid Aftab\.wdm\drivers\chromedriver\win32\114.0.5735.90]
06/07/2023 08:31:44 PM: INFO: ----------------Clicked on the login link-----------------
06/07/2023 08:31:47 PM: INFO: ----------------Checked login page header text-----------------
06/07/2023 08:31:47 PM: INFO: ----------------Entered username-----------------
06/07/2023 08:31:47 PM: INFO: ----------------Entered password-----------------
06/07/2023 08:31:50 PM: INFO: ----------------Clicked on login button-----------------
06/07/2023 08:31:55 PM: INFO: ----------------Checked username on the home page after login-----------------
06/07/2023 08:31:55 PM: INFO: ----------------Clicked on the contact link-----------------
06/07/2023 08:31:58 PM: INFO: ----------------Checked contact page header text-----------------
06/07/2023 08:31:58 PM: INFO: ----------------Entered contact email-----------------
06/07/2023 08:31:58 PM: INFO: ----------------Entered contact name-----------------
06/07/2023 08:31:59 PM: INFO: ----------------Entered message-----------------
06/07/2023 08:32:02 PM: INFO: ----------------Clicked on sendMessage button-----------------
06/07/2023 08:32:05 PM: INFO: ----------------Checked alert saying thanks text-----------------
06/07/2023 08:32:12 PM: INFO: ====== WebDriver manager ======
06/07/2023 08:32:16 PM: INFO: Driver [C:\Users\Shahid Aftab\.wdm\drivers\chromedriver\win32\114.0.5735.90\chromedriver.exe] found in cache
06/07/2023 08:32:29 PM: INFO: ----------------Clicked on the login link-----------------
06/07/2023 08:32:32 PM: INFO: ----------------Checked login page header text-----------------
06/08/2023 07:41:46 PM: INFO: ====== WebDriver manager ======
06/08/2023 07:41:46 PM: INFO: There is no [win32] chromedriver "latest" for browser google-chrome "114.0.5735" in cache
06/08/2023 07:41:46 PM: INFO: Get LATEST chromedriver version for google-chrome
06/08/2023 07:41:47 PM: INFO: About to download new driver from https://chromedriver.storage.googleapis.com/114.0.5735.90/chromedriver_win32.zip
06/08/2023 07:41:47 PM: INFO: Driver has been saved in cache [C:\Users\singh\.wdm\drivers\chromedriver\win32\114.0.5735.90]
06/08/2023 07:41:55 PM: INFO: ----------------Clicked on the login link-----------------
06/08/2023 07:41:58 PM: INFO: ----------------Checked login page header text-----------------
06/08/2023 07:41:58 PM: INFO: ----------------Entered username-----------------
06/08/2023 07:41:58 PM: INFO: ----------------Entered password-----------------
06/08/2023 07:42:01 PM: INFO: ----------------Clicked on login button-----------------
06/08/2023 07:42:06 PM: INFO: ----------------Checked username on the home page after login-----------------
06/08/2023 07:42:06 PM: INFO: ----------------Clicked on the contact link-----------------
06/08/2023 07:42:09 PM: INFO: ----------------Checked contact page header text-----------------
06/08/2023 07:42:09 PM: INFO: ----------------Entered contact email-----------------
06/08/2023 07:42:10 PM: INFO: ----------------Entered contact name-----------------
06/08/2023 07:42:10 PM: INFO: ----------------Entered message-----------------
06/08/2023 07:42:13 PM: INFO: ----------------Clicked on sendMessage button-----------------
06/08/2023 07:42:16 PM: INFO: ----------------Checked alert saying thanks text-----------------
06/08/2023 07:57:24 PM: INFO: ====== WebDriver manager ======
06/08/2023 07:57:25 PM: INFO: Driver [C:\Users\singh\.wdm\drivers\chromedriver\win32\114.0.5735.90\chromedriver.exe] found in cache
06/08/2023 07:57:31 PM: INFO: ----------------Clicked on the login link-----------------
06/08/2023 07:57:34 PM: INFO: ----------------Checked login page header text-----------------
06/08/2023 07:57:34 PM: INFO: ----------------Entered username-----------------
06/08/2023 07:57:35 PM: INFO: ----------------Entered password-----------------
06/08/2023 07:57:38 PM: INFO: ----------------Clicked on login button-----------------
06/08/2023 07:57:43 PM: INFO: ----------------Checked username on the home page after login-----------------
06/08/2023 07:57:43 PM: INFO: ----------------Clicked on the contact link-----------------
06/08/2023 07:57:46 PM: INFO: ----------------Checked contact page header text-----------------
06/08/2023 07:57:46 PM: INFO: ----------------Entered contact email-----------------
06/08/2023 07:57:46 PM: INFO: ----------------Entered contact name-----------------
06/08/2023 07:57:46 PM: INFO: ----------------Entered message-----------------
06/08/2023 07:57:49 PM: INFO: ----------------Clicked on sendMessage button-----------------
06/08/2023 07:57:52 PM: INFO: ----------------Checked alert saying thanks text-----------------
06/08/2023 07:57:59 PM: INFO: ====== WebDriver manager ======
06/08/2023 07:57:59 PM: INFO: Driver [C:\Users\singh\.wdm\drivers\chromedriver\win32\114.0.5735.90\chromedriver.exe] found in cache
06/08/2023 07:58:05 PM: INFO: ----------------Clicked on the login link-----------------
06/08/2023 07:58:08 PM: INFO: ----------------Checked login page header text-----------------
06/08/2023 07:58:08 PM: INFO: ----------------Entered username-----------------
06/08/2023 07:58:08 PM: INFO: ----------------Entered password-----------------
06/08/2023 07:58:11 PM: INFO: ----------------Clicked on login button-----------------
06/08/2023 07:58:16 PM: INFO: ----------------Checked username on the home page after login-----------------
06/08/2023 07:58:16 PM: INFO: ----------------Clicked on the contact link-----------------
06/08/2023 07:58:19 PM: INFO: ----------------Checked contact page header text-----------------
06/08/2023 07:58:19 PM: INFO: ----------------Entered contact email-----------------
06/08/2023 07:58:20 PM: INFO: ----------------Entered contact name-----------------
06/08/2023 07:58:20 PM: INFO: ----------------Entered message-----------------
06/08/2023 07:58:23 PM: INFO: ----------------Clicked on sendMessage button-----------------
06/08/2023 07:58:26 PM: INFO: ----------------Checked alert saying thanks text-----------------
06/08/2023 08:03:49 PM: INFO: ====== WebDriver manager ======
06/08/2023 08:03:49 PM: INFO: Driver [C:\Users\singh\.wdm\drivers\chromedriver\win32\114.0.5735.90\chromedriver.exe] found in cache
06/08/2023 08:03:55 PM: INFO: ----------------Clicked on the login link-----------------
06/08/2023 08:03:58 PM: INFO: ----------------Checked login page header text-----------------
06/08/2023 08:03:58 PM: INFO: ----------------Entered username-----------------
06/08/2023 08:03:58 PM: INFO: ----------------Entered password-----------------
06/08/2023 08:04:01 PM: INFO: ----------------Clicked on login button-----------------
06/08/2023 08:04:06 PM: INFO: ----------------Checked username on the home page after login-----------------
06/08/2023 08:04:06 PM: INFO: ----------------Clicked on the contact link-----------------
06/08/2023 08:04:09 PM: INFO: ----------------Checked contact page header text-----------------
06/08/2023 08:04:10 PM: INFO: ----------------Entered contact email-----------------
06/08/2023 08:04:10 PM: INFO: ----------------Entered contact name-----------------
06/08/2023 08:04:10 PM: INFO: ----------------Entered message-----------------
06/08/2023 08:04:13 PM: INFO: ----------------Clicked on sendMessage button-----------------
06/08/2023 08:04:16 PM: INFO: ----------------Checked alert saying thanks text-----------------
06/08/2023 08:04:18 PM: INFO: ====== WebDriver manager ======
06/08/2023 08:04:19 PM: INFO: Driver [C:\Users\singh\.wdm\drivers\chromedriver\win32\114.0.5735.90\chromedriver.exe] found in cache
06/08/2023 08:04:25 PM: INFO: ----------------Clicked on the login link-----------------
06/08/2023 08:04:28 PM: INFO: ----------------Checked login page header text-----------------
06/08/2023 08:04:28 PM: INFO: ----------------Entered username-----------------
06/08/2023 08:04:28 PM: INFO: ----------------Entered password-----------------
06/08/2023 08:04:31 PM: INFO: ----------------Clicked on login button-----------------
06/08/2023 08:04:36 PM: INFO: ----------------Checked username on the home page after login-----------------
06/08/2023 08:04:36 PM: INFO: ----------------Clicked on the contact link-----------------
06/08/2023 08:04:39 PM: INFO: ----------------Checked contact page header text-----------------
06/08/2023 08:04:39 PM: INFO: ----------------Entered contact email-----------------
06/08/2023 08:04:39 PM: INFO: ----------------Entered contact name-----------------
06/08/2023 08:04:39 PM: INFO: ----------------Entered message-----------------
06/08/2023 08:04:42 PM: INFO: ----------------Clicked on sendMessage button-----------------
06/08/2023 08:04:45 PM: INFO: ----------------Checked alert saying thanks text-----------------
06/08/2023 08:10:28 PM: INFO: ====== WebDriver manager ======
06/08/2023 08:10:28 PM: INFO: Driver [C:\Users\singh\.wdm\drivers\chromedriver\win32\114.0.5735.90\chromedriver.exe] found in cache
06/08/2023 08:10:35 PM: INFO: ----------------Clicked on the login link-----------------
06/08/2023 08:10:38 PM: INFO: ----------------Checked login page header text-----------------
06/08/2023 08:10:42 PM: INFO: ====== WebDriver manager ======
06/08/2023 08:10:42 PM: INFO: Driver [C:\Users\singh\.wdm\drivers\chromedriver\win32\114.0.5735.90\chromedriver.exe] found in cache
06/08/2023 08:10:48 PM: INFO: ----------------Clicked on the login link-----------------
06/08/2023 08:10:51 PM: INFO: ----------------Checked login page header text-----------------
06/08/2023 08:21:36 PM: INFO: ====== WebDriver manager ======
06/08/2023 08:21:37 PM: INFO: Driver [C:\Users\singh\.wdm\drivers\chromedriver\win32\114.0.5735.90\chromedriver.exe] found in cache
06/08/2023 08:21:45 PM: INFO: ----------------Clicked on the login link-----------------
06/08/2023 08:21:48 PM: INFO: ----------------Checked login page header text-----------------
06/08/2023 08:21:48 PM: INFO: ----------------Entered username-----------------
06/08/2023 08:21:48 PM: INFO: ----------------Entered password-----------------
06/08/2023 08:21:51 PM: INFO: ----------------Clicked on login button-----------------
06/08/2023 08:21:56 PM: INFO: ----------------Checked username on the home page after login-----------------
06/08/2023 08:21:56 PM: INFO: ----------------Clicked on the contact link-----------------
06/08/2023 08:21:59 PM: INFO: ----------------Checked contact page header text-----------------
06/08/2023 08:21:59 PM: INFO: ----------------Entered contact email-----------------
06/08/2023 08:21:59 PM: INFO: ----------------Entered contact name-----------------
06/08/2023 08:22:00 PM: INFO: ----------------Entered message-----------------
06/08/2023 08:22:03 PM: INFO: ----------------Clicked on sendMessage button-----------------
06/08/2023 08:22:06 PM: INFO: ----------------Checked alert saying thanks text-----------------
06/08/2023 08:22:08 PM: INFO: ====== WebDriver manager ======
06/08/2023 08:22:09 PM: INFO: Driver [C:\Users\singh\.wdm\drivers\chromedriver\win32\114.0.5735.90\chromedriver.exe] found in cache
06/08/2023 08:22:16 PM: INFO: ----------------Clicked on the login link-----------------
06/08/2023 08:22:19 PM: INFO: ----------------Checked login page header text-----------------
06/08/2023 08:22:19 PM: INFO: ----------------Entered username-----------------
06/08/2023 08:22:20 PM: INFO: ----------------Entered password-----------------
06/08/2023 08:22:23 PM: INFO: ----------------Clicked on login button-----------------
06/08/2023 08:22:28 PM: INFO: ----------------Checked username on the home page after login-----------------
06/08/2023 08:22:28 PM: INFO: ----------------Clicked on the contact link-----------------
06/08/2023 08:22:31 PM: INFO: ----------------Checked contact page header text-----------------
06/08/2023 08:22:31 PM: INFO: ----------------Entered contact email-----------------
06/08/2023 08:22:31 PM: INFO: ----------------Entered contact name-----------------
06/08/2023 08:22:31 PM: INFO: ----------------Entered message-----------------
06/08/2023 08:22:34 PM: INFO: ----------------Clicked on sendMessage button-----------------
06/08/2023 08:22:38 PM: INFO: ----------------Checked alert saying thanks text-----------------
06/09/2023 09:31:15 PM: INFO: ====== WebDriver manager ======
06/09/2023 09:31:16 PM: INFO: Get LATEST chromedriver version for google-chrome
06/09/2023 09:31:16 PM: INFO: About to download new driver from https://chromedriver.storage.googleapis.com/114.0.5735.90/chromedriver_win32.zip
06/09/2023 09:31:17 PM: INFO: Driver has been saved in cache [C:\Users\singh\.wdm\drivers\chromedriver\win32\114.0.5735.90]
06/09/2023 09:31:24 PM: INFO: ----------------Clicked on the login link-----------------
06/09/2023 09:31:27 PM: INFO: ----------------Checked login page header text-----------------
06/09/2023 09:31:27 PM: INFO: ----------------Entered username-----------------
06/09/2023 09:31:27 PM: INFO: ----------------Entered password-----------------
06/09/2023 09:31:30 PM: INFO: ----------------Clicked on login button-----------------
06/09/2023 09:31:35 PM: INFO: ----------------Checked username on the home page after login-----------------
06/09/2023 10:00:53 PM: INFO: ====== WebDriver manager ======
06/09/2023 10:00:54 PM: INFO: Driver [C:\Users\singh\.wdm\drivers\chromedriver\win32\114.0.5735.90\chromedriver.exe] found in cache
06/09/2023 10:01:01 PM: INFO: ----------------Clicked on the login link-----------------
06/09/2023 10:01:04 PM: INFO: ----------------Checked login page header text-----------------
06/09/2023 10:01:04 PM: INFO: ----------------Entered username-----------------
06/09/2023 10:01:04 PM: INFO: ----------------Entered password-----------------
06/09/2023 10:01:07 PM: INFO: ----------------Clicked on login button-----------------
06/09/2023 10:01:12 PM: INFO: ----------------Checked username on the home page after login-----------------
06/09/2023 10:01:12 PM: INFO: ----------------Clicked on the about us link-----------------
06/09/2023 10:01:16 PM: INFO: ----------------Checked contact page header text-----------------
06/09/2023 10:02:45 PM: INFO: ====== WebDriver manager ======
06/09/2023 10:02:45 PM: INFO: Driver [C:\Users\singh\.wdm\drivers\chromedriver\win32\114.0.5735.90\chromedriver.exe] found in cache
06/09/2023 10:02:51 PM: INFO: ----------------Clicked on the login link-----------------
06/09/2023 10:02:54 PM: INFO: ----------------Checked login page header text-----------------
06/09/2023 10:02:54 PM: INFO: ----------------Entered username-----------------
06/09/2023 10:02:54 PM: INFO: ----------------Entered password-----------------
06/09/2023 10:02:57 PM: INFO: ----------------Clicked on login button-----------------
06/09/2023 10:03:03 PM: INFO: ----------------Checked username on the home page after login-----------------
06/09/2023 10:03:03 PM: INFO: ----------------Clicked on the about us link-----------------
06/09/2023 10:03:06 PM: INFO: ----------------Checked contact page header text-----------------
06/09/2023 10:20:00 PM: INFO: ====== WebDriver manager ======
06/09/2023 10:20:01 PM: INFO: Driver [C:\Users\singh\.wdm\drivers\chromedriver\win32\114.0.5735.90\chromedriver.exe] found in cache
06/09/2023 10:20:08 PM: INFO: ----------------Clicked on the login link-----------------
06/09/2023 10:20:11 PM: INFO: ----------------Checked login page header text-----------------
06/09/2023 10:20:11 PM: INFO: ----------------Entered username-----------------
06/09/2023 10:20:11 PM: INFO: ----------------Entered password-----------------
06/09/2023 10:20:14 PM: INFO: ----------------Clicked on login button-----------------
06/09/2023 10:20:19 PM: INFO: ----------------Checked username on the home page after login-----------------
06/09/2023 10:20:19 PM: INFO: ----------------Clicked on the about us link-----------------
06/09/2023 10:20:22 PM: INFO: ----------------Checked about us text-----------------
06/09/2023 10:29:30 PM: INFO: ====== WebDriver manager ======
06/09/2023 10:29:30 PM: INFO: Driver [C:\Users\singh\.wdm\drivers\chromedriver\win32\114.0.5735.90\chromedriver.exe] found in cache
06/09/2023 10:29:36 PM: INFO: ----------------Clicked on the login link-----------------
06/09/2023 10:29:40 PM: INFO: ----------------Checked login page header text-----------------
06/09/2023 10:29:40 PM: INFO: ----------------Entered username-----------------
06/09/2023 10:29:40 PM: INFO: ----------------Entered password-----------------
06/09/2023 10:29:43 PM: INFO: ----------------Clicked on login button-----------------
06/09/2023 10:29:48 PM: INFO: ----------------Checked username on the home page after login-----------------
06/09/2023 10:29:48 PM: INFO: ----------------Clicked on the about us link-----------------
06/09/2023 10:29:51 PM: INFO: ----------------Checked about us text-----------------
06/09/2023 10:29:51 PM: INFO: ----------------Clicked on close button-----------------
06/09/2023 10:30:48 PM: INFO: ====== WebDriver manager ======
06/09/2023 10:30:48 PM: INFO: Driver [C:\Users\singh\.wdm\drivers\chromedriver\win32\114.0.5735.90\chromedriver.exe] found in cache
06/09/2023 10:30:56 PM: INFO: ----------------Clicked on the login link-----------------
06/09/2023 10:30:59 PM: INFO: ----------------Checked login page header text-----------------
06/09/2023 10:30:59 PM: INFO: ----------------Entered username-----------------
06/09/2023 10:30:59 PM: INFO: ----------------Entered password-----------------
06/09/2023 10:31:02 PM: INFO: ----------------Clicked on login button-----------------
06/09/2023 10:31:07 PM: INFO: ----------------Checked username on the home page after login-----------------
06/09/2023 10:31:07 PM: INFO: ----------------Clicked on the about us link-----------------
06/09/2023 10:31:10 PM: INFO: ----------------Checked about us text-----------------
06/09/2023 10:31:10 PM: INFO: ----------------Clicked on close button-----------------
06/09/2023 10:38:45 PM: INFO: ====== WebDriver manager ======
06/09/2023 10:38:45 PM: INFO: Driver [C:\Users\singh\.wdm\drivers\chromedriver\win32\114.0.5735.90\chromedriver.exe] found in cache
06/09/2023 10:38:51 PM: INFO: ----------------Clicked on the login link-----------------
06/09/2023 10:38:54 PM: INFO: ----------------Checked login page header text-----------------
06/09/2023 10:38:54 PM: INFO: ----------------Entered username-----------------
06/09/2023 10:38:55 PM: INFO: ----------------Entered password-----------------
06/09/2023 10:38:58 PM: INFO: ----------------Clicked on login button-----------------
06/09/2023 10:39:03 PM: INFO: ----------------Checked username on the home page after login-----------------
06/09/2023 10:39:03 PM: INFO: ----------------Clicked on the about us link-----------------
06/09/2023 10:39:06 PM: INFO: ----------------Checked about us text-----------------
06/09/2023 10:39:06 PM: INFO: ----------------Clicked on close button-----------------
06/10/2023 06:12:39 PM: INFO: ====== WebDriver manager ======
06/10/2023 06:12:39 PM: INFO: Get LATEST chromedriver version for google-chrome
06/10/2023 06:12:40 PM: INFO: About to download new driver from https://chromedriver.storage.googleapis.com/114.0.5735.90/chromedriver_win32.zip
06/10/2023 06:12:40 PM: INFO: Driver has been saved in cache [C:\Users\singh\.wdm\drivers\chromedriver\win32\114.0.5735.90]
06/10/2023 06:12:48 PM: INFO: ----------------Clicked on the login link-----------------
06/10/2023 06:12:52 PM: INFO: ----------------Checked login page header text-----------------
06/10/2023 06:12:52 PM: INFO: ----------------Entered username-----------------
06/10/2023 06:12:52 PM: INFO: ----------------Entered password-----------------
06/10/2023 06:12:55 PM: INFO: ----------------Clicked on login button-----------------
06/10/2023 06:13:00 PM: INFO: ----------------Checked username on the home page after login-----------------
06/10/2023 06:13:00 PM: INFO: ----------------Clicked on the about us link-----------------
06/10/2023 06:13:03 PM: INFO: ----------------Checked about us text-----------------
06/10/2023 06:13:03 PM: INFO: ----------------Clicked on close button-----------------
06/10/2023 06:13:06 PM: INFO: ----------------Verification of home page title-----------------
06/10/2023 06:20:19 PM: INFO: ====== WebDriver manager ======
06/10/2023 06:20:19 PM: INFO: Driver [C:\Users\singh\.wdm\drivers\chromedriver\win32\114.0.5735.90\chromedriver.exe] found in cache
06/10/2023 06:20:27 PM: INFO: ----------------Clicked on the login link-----------------
06/10/2023 06:20:30 PM: INFO: ----------------Checked login page header text-----------------
06/10/2023 06:20:30 PM: INFO: ----------------Entered username-----------------
06/10/2023 06:20:31 PM: INFO: ----------------Entered password-----------------
06/10/2023 06:20:34 PM: INFO: ----------------Clicked on login button-----------------
06/10/2023 06:20:39 PM: INFO: ----------------Checked username on the home page after login-----------------
06/10/2023 06:20:39 PM: INFO: ----------------Clicked on the about us link-----------------
06/10/2023 06:20:42 PM: INFO: ----------------Checked about us text-----------------
06/10/2023 06:20:42 PM: INFO: ----------------Clicked on close button-----------------
06/10/2023 06:20:45 PM: INFO: ----------------Verification of home page title-----------------
06/10/2023 06:22:40 PM: INFO: ====== WebDriver manager ======
06/10/2023 06:22:41 PM: INFO: Driver [C:\Users\singh\.wdm\drivers\chromedriver\win32\114.0.5735.90\chromedriver.exe] found in cache
06/10/2023 06:22:48 PM: INFO: ----------------Clicked on the login link-----------------
06/10/2023 06:22:51 PM: INFO: ----------------Checked login page header text-----------------
06/10/2023 06:22:51 PM: INFO: ----------------Entered username-----------------
06/10/2023 06:22:51 PM: INFO: ----------------Entered password-----------------
06/10/2023 06:22:54 PM: INFO: ----------------Clicked on login button-----------------
06/10/2023 06:22:59 PM: INFO: ----------------Checked username on the home page after login-----------------
06/10/2023 06:22:59 PM: INFO: ----------------Clicked on the about us link-----------------
06/10/2023 06:23:02 PM: INFO: ----------------Checked about us text-----------------
06/10/2023 06:23:02 PM: INFO: ----------------Clicked on close button-----------------
06/10/2023 06:23:05 PM: INFO: ----------------Verification of home page title-----------------
06/10/2023 06:23:37 PM: INFO: ====== WebDriver manager ======
06/10/2023 06:23:38 PM: INFO: Driver [C:\Users\singh\.wdm\drivers\chromedriver\win32\114.0.5735.90\chromedriver.exe] found in cache
06/10/2023 06:23:44 PM: INFO: ----------------Clicked on the login link-----------------
06/10/2023 06:23:47 PM: INFO: ----------------Checked login page header text-----------------
06/10/2023 06:23:47 PM: INFO: ----------------Entered username-----------------
06/10/2023 06:23:47 PM: INFO: ----------------Entered password-----------------
06/10/2023 06:23:50 PM: INFO: ----------------Clicked on login button-----------------
06/10/2023 06:23:55 PM: INFO: ----------------Checked username on the home page after login-----------------
06/10/2023 06:23:55 PM: INFO: ----------------Clicked on the about us link-----------------
06/10/2023 06:23:58 PM: INFO: ----------------Checked about us text-----------------
06/10/2023 06:23:58 PM: INFO: ----------------Clicked on close button-----------------
06/10/2023 06:24:01 PM: INFO: ----------------Verification of home page title-----------------
06/10/2023 06:25:17 PM: INFO: ====== WebDriver manager ======
06/10/2023 06:25:17 PM: INFO: Driver [C:\Users\singh\.wdm\drivers\chromedriver\win32\114.0.5735.90\chromedriver.exe] found in cache
06/10/2023 06:25:23 PM: INFO: ----------------Clicked on the login link-----------------
06/10/2023 06:25:26 PM: INFO: ----------------Checked login page header text-----------------
06/10/2023 06:25:26 PM: INFO: ----------------Entered username-----------------
06/10/2023 06:25:27 PM: INFO: ----------------Entered password-----------------
06/10/2023 06:25:30 PM: INFO: ----------------Clicked on login button-----------------
06/10/2023 06:25:35 PM: INFO: ----------------Checked username on the home page after login-----------------
06/10/2023 06:25:35 PM: INFO: ----------------Clicked on the about us link-----------------
06/10/2023 06:25:38 PM: INFO: ----------------Checked about us text-----------------
06/10/2023 06:25:38 PM: INFO: ----------------Clicked on close button-----------------
06/10/2023 06:25:41 PM: INFO: ----------------Verification of home page title-----------------
06/11/2023 04:18:08 PM: INFO: ====== WebDriver manager ======
06/11/2023 04:18:09 PM: INFO: Get LATEST chromedriver version for google-chrome
06/11/2023 04:18:09 PM: INFO: About to download new driver from https://chromedriver.storage.googleapis.com/114.0.5735.90/chromedriver_win32.zip
06/11/2023 04:18:10 PM: INFO: Driver has been saved in cache [C:\Users\singh\.wdm\drivers\chromedriver\win32\114.0.5735.90]
06/11/2023 04:18:17 PM: INFO: ----------------Clicked on the login link-----------------
06/11/2023 04:18:20 PM: INFO: ----------------Checked login page header text-----------------
06/11/2023 04:18:20 PM: INFO: ----------------Entered username-----------------
06/11/2023 04:18:20 PM: INFO: ----------------Entered password-----------------
06/11/2023 04:18:23 PM: INFO: ----------------Clicked on login button-----------------
06/11/2023 04:18:28 PM: INFO: ----------------Checked username on the home page after login-----------------
06/11/2023 04:28:14 PM: INFO: ====== WebDriver manager ======
06/11/2023 04:28:14 PM: INFO: Driver [C:\Users\singh\.wdm\drivers\chromedriver\win32\114.0.5735.90\chromedriver.exe] found in cache
06/11/2023 04:28:21 PM: INFO: ----------------Clicked on the login link-----------------
06/11/2023 04:28:24 PM: INFO: ----------------Checked login page header text-----------------
06/11/2023 04:28:24 PM: INFO: ----------------Entered username-----------------
06/11/2023 04:28:24 PM: INFO: ----------------Entered password-----------------
06/11/2023 04:28:27 PM: INFO: ----------------Clicked on login button-----------------
06/11/2023 04:28:32 PM: INFO: ----------------Checked username on the home page after login-----------------
06/11/2023 04:28:32 PM: INFO: ----------------Verification of home page title-----------------
06/11/2023 04:39:25 PM: INFO: ====== WebDriver manager ======
06/11/2023 04:39:25 PM: INFO: Driver [C:\Users\singh\.wdm\drivers\chromedriver\win32\114.0.5735.90\chromedriver.exe] found in cache
06/11/2023 04:39:32 PM: INFO: ----------------Clicked on the login link-----------------
06/11/2023 04:39:35 PM: INFO: ----------------Checked login page header text-----------------
06/11/2023 04:39:35 PM: INFO: ----------------Entered username-----------------
06/11/2023 04:39:35 PM: INFO: ----------------Entered password-----------------
06/11/2023 04:39:38 PM: INFO: ----------------Clicked on login button-----------------
06/11/2023 04:39:43 PM: INFO: ----------------Checked username on the home page after login-----------------
06/11/2023 04:39:43 PM: INFO: ----------------Clicked on Laptop Category-----------------
06/11/2023 04:39:46 PM: INFO: ----------------Clicked on next button-----------------
06/11/2023 04:47:15 PM: INFO: ====== WebDriver manager ======
06/11/2023 04:47:16 PM: INFO: Driver [C:\Users\singh\.wdm\drivers\chromedriver\win32\114.0.5735.90\chromedriver.exe] found in cache
06/11/2023 04:47:22 PM: INFO: ----------------Clicked on the login link-----------------
06/11/2023 04:47:25 PM: INFO: ----------------Checked login page header text-----------------
06/11/2023 04:47:25 PM: INFO: ----------------Entered username-----------------
06/11/2023 04:47:26 PM: INFO: ----------------Entered password-----------------
06/11/2023 04:47:29 PM: INFO: ----------------Clicked on login button-----------------
06/11/2023 04:47:34 PM: INFO: ----------------Checked username on the home page after login-----------------
06/11/2023 04:47:34 PM: INFO: ----------------Clicked on Laptop Category-----------------
06/11/2023 04:47:37 PM: INFO: ----------------Clicked on next button-----------------
06/11/2023 04:47:40 PM: INFO: ----------------Clicked on second last product-----------------
06/11/2023 04:56:53 PM: INFO: ====== WebDriver manager ======
06/11/2023 04:56:53 PM: INFO: Driver [C:\Users\singh\.wdm\drivers\chromedriver\win32\114.0.5735.90\chromedriver.exe] found in cache
06/11/2023 04:57:00 PM: INFO: ----------------Clicked on the login link-----------------
06/11/2023 04:57:03 PM: INFO: ----------------Checked login page header text-----------------
06/11/2023 04:57:03 PM: INFO: ----------------Entered username-----------------
06/11/2023 04:57:04 PM: INFO: ----------------Entered password-----------------
06/11/2023 04:57:07 PM: INFO: ----------------Clicked on login button-----------------
06/11/2023 04:57:12 PM: INFO: ----------------Checked username on the home page after login-----------------
06/11/2023 04:57:12 PM: INFO: ----------------Clicked on Laptop Category-----------------
06/11/2023 04:57:15 PM: INFO: ----------------Clicked on next button-----------------
06/11/2023 04:57:18 PM: INFO: ----------------Clicked on second last product-----------------
06/11/2023 04:57:22 PM: INFO: ----------------Checked about us text-----------------
06/11/2023 05:28:46 PM: INFO: ====== WebDriver manager ======
06/11/2023 05:28:46 PM: INFO: Driver [C:\Users\singh\.wdm\drivers\chromedriver\win32\114.0.5735.90\chromedriver.exe] found in cache
06/11/2023 05:28:52 PM: INFO: ----------------Clicked on the login link-----------------
06/11/2023 05:28:56 PM: INFO: ----------------Checked login page header text-----------------
06/11/2023 05:28:56 PM: INFO: ----------------Entered username-----------------
06/11/2023 05:28:56 PM: INFO: ----------------Entered password-----------------
06/11/2023 05:28:59 PM: INFO: ----------------Clicked on login button-----------------
06/11/2023 05:29:04 PM: INFO: ----------------Checked username on the home page after login-----------------
06/11/2023 05:29:04 PM: INFO: ----------------Clicked on Laptop Category-----------------
06/11/2023 05:29:07 PM: INFO: ----------------Clicked on next button-----------------
06/11/2023 05:29:10 PM: INFO: ----------------Clicked on second last product-----------------
06/11/2023 05:29:14 PM: INFO: ----------------Checked product store page text-----------------
06/11/2023 05:29:14 PM: INFO: ----------------Checked asus product text-----------------
06/11/2023 05:31:19 PM: INFO: ====== WebDriver manager ======
06/11/2023 05:31:19 PM: INFO: Driver [C:\Users\singh\.wdm\drivers\chromedriver\win32\114.0.5735.90\chromedriver.exe] found in cache
06/11/2023 05:31:25 PM: INFO: ----------------Clicked on the login link-----------------
06/11/2023 05:31:28 PM: INFO: ----------------Checked login page header text-----------------
06/11/2023 05:31:28 PM: INFO: ----------------Entered username-----------------
06/11/2023 05:31:28 PM: INFO: ----------------Entered password-----------------
06/11/2023 05:31:31 PM: INFO: ----------------Clicked on login button-----------------
06/11/2023 05:31:36 PM: INFO: ----------------Checked username on the home page after login-----------------
06/11/2023 05:31:36 PM: INFO: ----------------Clicked on Laptop Category-----------------
06/11/2023 05:31:40 PM: INFO: ----------------Clicked on next button-----------------
06/11/2023 05:31:43 PM: INFO: ----------------Clicked on second last product-----------------
06/11/2023 05:31:46 PM: INFO: ----------------Checked product store page text-----------------
06/11/2023 05:31:46 PM: INFO: ----------------Checked asus product text-----------------
06/11/2023 05:31:46 PM: INFO: ----------------Checked asus product price value-----------------
06/11/2023 05:31:47 PM: INFO: ----------------Clicked on add to cart-----------------
06/11/2023 05:31:50 PM: INFO: ----------------Checked alert product_added-----------------
06/11/2023 05:31:50 PM: INFO: ----------------Clicked on the cart link-----------------
06/11/2023 05:31:53 PM: INFO: ----------------Checked asus item text-----------------
06/11/2023 05:31:54 PM: INFO: ----------------Checked asus item price value-----------------
06/11/2023 06:25:11 PM: INFO: ====== WebDriver manager ======
06/11/2023 06:25:11 PM: INFO: Driver [C:\Users\singh\.wdm\drivers\chromedriver\win32\114.0.5735.90\chromedriver.exe] found in cache
06/11/2023 06:25:19 PM: INFO: ----------------Clicked on the login link-----------------
06/11/2023 06:25:22 PM: INFO: ----------------Checked login page header text-----------------
06/11/2023 06:25:22 PM: INFO: ----------------Entered username-----------------
06/11/2023 06:25:23 PM: INFO: ----------------Entered password-----------------
06/11/2023 06:25:26 PM: INFO: ----------------Clicked on login button-----------------
06/11/2023 06:25:31 PM: INFO: ----------------Checked username on the home page after login-----------------
06/11/2023 06:25:31 PM: INFO: ----------------Clicked on Laptop Category-----------------
06/11/2023 06:25:34 PM: INFO: ----------------Clicked on next button-----------------
06/11/2023 06:25:37 PM: INFO: ----------------Clicked on ASUS Full HD product-----------------
06/11/2023 06:25:41 PM: INFO: ----------------Checked product store page text-----------------
06/11/2023 06:25:41 PM: INFO: ----------------Checked asus product text-----------------
06/11/2023 06:25:41 PM: INFO: ----------------Checked asus product price value-----------------
06/11/2023 06:25:41 PM: INFO: ----------------Clicked on add to cart-----------------
06/11/2023 06:25:44 PM: INFO: ----------------Checked alert product_added-----------------
06/11/2023 06:25:44 PM: INFO: ----------------Clicked on the cart link-----------------
06/11/2023 06:25:48 PM: INFO: ----------------Checked asus item text-----------------
06/11/2023 06:25:48 PM: INFO: ----------------Checked asus item price value-----------------
06/11/2023 06:31:36 PM: INFO: ====== WebDriver manager ======
06/11/2023 06:31:37 PM: INFO: Driver [C:\Users\singh\.wdm\drivers\chromedriver\win32\114.0.5735.90\chromedriver.exe] found in cache
06/11/2023 06:31:44 PM: INFO: ----------------Clicked on the login link-----------------
06/11/2023 06:31:47 PM: INFO: ----------------Checked login page header text-----------------
06/11/2023 06:31:47 PM: INFO: ----------------Entered username-----------------
06/11/2023 06:31:47 PM: INFO: ----------------Entered password-----------------
06/11/2023 06:31:50 PM: INFO: ----------------Clicked on login button-----------------
06/11/2023 06:31:55 PM: INFO: ----------------Checked username on the home page after login-----------------
06/11/2023 06:31:55 PM: INFO: ----------------Clicked on Laptop Category-----------------
06/11/2023 06:31:58 PM: INFO: ----------------Clicked on next button-----------------
06/11/2023 06:32:01 PM: INFO: ----------------Clicked on ASUS Full HD product-----------------
06/11/2023 06:32:05 PM: INFO: ----------------Checked product store page text-----------------
06/11/2023 06:32:05 PM: INFO: ----------------Checked asus product text-----------------
06/11/2023 06:32:05 PM: INFO: ----------------Checked asus product price value-----------------
06/11/2023 06:32:05 PM: INFO: ----------------Clicked on add to cart-----------------
06/11/2023 06:32:08 PM: INFO: ----------------Checked alert product_added-----------------
06/11/2023 06:32:08 PM: INFO: ----------------Clicked on the cart link-----------------
06/11/2023 06:32:12 PM: INFO: ----------------Checked asus item text-----------------
06/11/2023 06:32:12 PM: INFO: ----------------Checked asus item price value-----------------
06/11/2023 07:06:34 PM: INFO: ====== WebDriver manager ======
06/11/2023 07:06:34 PM: INFO: Driver [C:\Users\singh\.wdm\drivers\chromedriver\win32\114.0.5735.90\chromedriver.exe] found in cache
06/11/2023 07:06:41 PM: INFO: ----------------Clicked on the login link-----------------
06/11/2023 07:06:44 PM: INFO: ----------------Checked login page header text-----------------
06/11/2023 07:06:44 PM: INFO: ----------------Entered username-----------------
06/11/2023 07:06:44 PM: INFO: ----------------Entered password-----------------
06/11/2023 07:06:47 PM: INFO: ----------------Clicked on login button-----------------
06/11/2023 07:06:52 PM: INFO: ----------------Checked username on the home page after login-----------------
06/11/2023 07:06:52 PM: INFO: ----------------Clicked on Laptop Category-----------------
06/11/2023 07:06:55 PM: INFO: ----------------Clicked on next button-----------------
06/11/2023 07:06:58 PM: INFO: ----------------Clicked on ASUS Full HD product-----------------
06/11/2023 07:07:03 PM: INFO: ----------------Checked product store page text-----------------
06/11/2023 07:07:03 PM: INFO: ----------------Checked asus product text-----------------
06/11/2023 07:07:03 PM: INFO: ----------------Checked asus product price value-----------------
06/11/2023 07:07:03 PM: INFO: ----------------Clicked on add to cart-----------------
06/11/2023 07:07:06 PM: INFO: ----------------Checked alert product_added-----------------
06/11/2023 07:07:06 PM: INFO: ----------------Clicked on the cart link-----------------
06/11/2023 07:07:10 PM: INFO: ----------------Checked asus item text-----------------
06/11/2023 07:07:10 PM: INFO: ----------------Checked asus item price value-----------------
06/11/2023 07:13:45 PM: INFO: ====== WebDriver manager ======
06/11/2023 07:13:46 PM: INFO: Driver [C:\Users\singh\.wdm\drivers\chromedriver\win32\114.0.5735.90\chromedriver.exe] found in cache
06/11/2023 07:13:52 PM: INFO: ----------------Clicked on the login link-----------------
06/11/2023 07:13:55 PM: INFO: ----------------Checked login page header text-----------------
06/11/2023 07:13:55 PM: INFO: ----------------Entered username-----------------
06/11/2023 07:13:56 PM: INFO: ----------------Entered password-----------------
06/11/2023 07:13:59 PM: INFO: ----------------Clicked on login button-----------------
06/11/2023 07:14:04 PM: INFO: ----------------Checked username on the home page after login-----------------
06/11/2023 07:14:04 PM: INFO: ----------------Clicked on Laptop Category-----------------
06/11/2023 07:14:07 PM: INFO: ----------------Clicked on next button-----------------
06/11/2023 07:14:10 PM: INFO: ----------------Clicked on ASUS Full HD product-----------------
06/11/2023 07:14:14 PM: INFO: ----------------Checked product store page text-----------------
06/11/2023 07:14:14 PM: INFO: ----------------Checked asus product text-----------------
06/11/2023 07:14:14 PM: INFO: ----------------Checked asus product price value-----------------
06/11/2023 07:14:14 PM: INFO: ----------------Clicked on add to cart-----------------
06/11/2023 07:14:17 PM: INFO: ----------------Checked alert product_added-----------------
06/11/2023 07:14:17 PM: INFO: ----------------Clicked on the cart link-----------------
06/11/2023 07:14:21 PM: INFO: ----------------Checked asus item text-----------------
06/11/2023 07:14:21 PM: INFO: ----------------Checked asus item price value-----------------
06/11/2023 07:20:43 PM: INFO: ====== WebDriver manager ======
06/11/2023 07:20:44 PM: INFO: Driver [C:\Users\singh\.wdm\drivers\chromedriver\win32\114.0.5735.90\chromedriver.exe] found in cache
06/11/2023 07:20:51 PM: INFO: ----------------Clicked on the login link-----------------
06/11/2023 07:20:54 PM: INFO: ----------------Checked login page header text-----------------
06/11/2023 07:20:54 PM: INFO: ----------------Entered username-----------------
06/11/2023 07:20:54 PM: INFO: ----------------Entered password-----------------
06/11/2023 07:20:57 PM: INFO: ----------------Clicked on login button-----------------
06/11/2023 07:21:02 PM: INFO: ----------------Checked username on the home page after login-----------------
06/11/2023 07:21:02 PM: INFO: ----------------Clicked on Laptop Category-----------------
06/11/2023 07:21:05 PM: INFO: ----------------Clicked on next button-----------------
06/11/2023 07:21:08 PM: INFO: ----------------Clicked on ASUS Full HD product-----------------
06/11/2023 07:21:12 PM: INFO: ----------------Checked product store page text-----------------
06/11/2023 07:21:12 PM: INFO: ----------------Checked asus product text-----------------
06/11/2023 07:21:12 PM: INFO: ----------------Checked asus product price value-----------------
06/11/2023 07:21:12 PM: INFO: ----------------Clicked on add to cart-----------------
06/11/2023 07:21:15 PM: INFO: ----------------Checked alert product_added-----------------
06/11/2023 07:21:15 PM: INFO: ----------------Clicked on the cart link-----------------
06/11/2023 07:21:19 PM: INFO: ----------------Checked asus item text-----------------
06/11/2023 07:21:19 PM: INFO: ----------------Checked asus item price value-----------------
06/13/2023 09:13:28 PM: INFO: ====== WebDriver manager ======
06/13/2023 09:13:29 PM: INFO: Get LATEST chromedriver version for google-chrome
06/13/2023 09:13:29 PM: INFO: About to download new driver from https://chromedriver.storage.googleapis.com/114.0.5735.90/chromedriver_win32.zip
06/13/2023 09:13:30 PM: INFO: Driver has been saved in cache [C:\Users\singh\.wdm\drivers\chromedriver\win32\114.0.5735.90]
06/13/2023 09:13:37 PM: INFO: ----------------Clicked on the login link-----------------
06/13/2023 09:13:40 PM: INFO: ----------------Checked login page header text-----------------
06/13/2023 09:13:41 PM: INFO: ----------------Entered username-----------------
06/13/2023 09:13:41 PM: INFO: ----------------Entered password-----------------
06/13/2023 09:13:44 PM: INFO: ----------------Clicked on login button-----------------
06/13/2023 09:13:49 PM: INFO: ----------------Checked username on the home page after login-----------------
06/13/2023 09:58:22 PM: INFO: ====== WebDriver manager ======
06/13/2023 09:58:23 PM: INFO: Driver [C:\Users\singh\.wdm\drivers\chromedriver\win32\114.0.5735.90\chromedriver.exe] found in cache
06/13/2023 09:58:29 PM: INFO: ----------------Clicked on the login link-----------------
06/13/2023 09:58:32 PM: INFO: ----------------Checked login page header text-----------------
06/13/2023 09:58:32 PM: INFO: ----------------Entered username-----------------
06/13/2023 09:58:32 PM: INFO: ----------------Entered password-----------------
06/13/2023 09:58:35 PM: INFO: ----------------Clicked on login button-----------------
06/13/2023 09:58:40 PM: INFO: ----------------Checked username on the home page after login-----------------
06/13/2023 09:58:40 PM: INFO: ----------------Clicked on the cart link-----------------
06/13/2023 09:58:45 PM: INFO: ----------------Checked delete button is present-----------------
06/13/2023 10:00:29 PM: INFO: ====== WebDriver manager ======
06/13/2023 10:00:29 PM: INFO: Driver [C:\Users\singh\.wdm\drivers\chromedriver\win32\114.0.5735.90\chromedriver.exe] found in cache
06/13/2023 10:00:36 PM: INFO: ----------------Clicked on the login link-----------------
06/13/2023 10:00:39 PM: INFO: ----------------Checked login page header text-----------------
06/13/2023 10:00:39 PM: INFO: ----------------Entered username-----------------
06/13/2023 10:00:39 PM: INFO: ----------------Entered password-----------------
06/13/2023 10:00:42 PM: INFO: ----------------Clicked on login button-----------------
06/13/2023 10:00:47 PM: INFO: ----------------Checked username on the home page after login-----------------
06/13/2023 10:00:47 PM: INFO: ----------------Clicked on the cart link-----------------
06/13/2023 10:00:51 PM: INFO: ----------------Checked delete button is present-----------------
06/13/2023 10:00:54 PM: INFO: ----------------Clicked on place order button-----------------
06/13/2023 10:00:57 PM: INFO: ----------------Checked place order page text-----------------
06/13/2023 10:00:57 PM: INFO: ----------------Entered name-----------------
06/13/2023 10:00:57 PM: INFO: ----------------Entered country-----------------
06/13/2023 10:00:57 PM: INFO: ----------------Entered city-----------------
06/13/2023 10:00:57 PM: INFO: ----------------Entered credit card number-----------------
06/13/2023 10:00:58 PM: INFO: ----------------Entered month-----------------
06/13/2023 10:00:58 PM: INFO: ----------------Entered year-----------------
06/13/2023 10:02:26 PM: INFO: ====== WebDriver manager ======
06/13/2023 10:02:27 PM: INFO: Driver [C:\Users\singh\.wdm\drivers\chromedriver\win32\114.0.5735.90\chromedriver.exe] found in cache
06/13/2023 10:02:32 PM: INFO: ----------------Clicked on the login link-----------------
06/13/2023 10:02:35 PM: INFO: ----------------Checked login page header text-----------------
06/13/2023 10:02:35 PM: INFO: ----------------Entered username-----------------
06/13/2023 10:02:36 PM: INFO: ----------------Entered password-----------------
06/13/2023 10:02:39 PM: INFO: ----------------Clicked on login button-----------------
06/13/2023 10:02:44 PM: INFO: ----------------Checked username on the home page after login-----------------
06/13/2023 10:02:44 PM: INFO: ----------------Clicked on the cart link-----------------
06/13/2023 10:02:48 PM: INFO: ----------------Checked delete button is present-----------------
06/13/2023 10:02:51 PM: INFO: ----------------Clicked on place order button-----------------
06/13/2023 10:02:54 PM: INFO: ----------------Checked place order page text-----------------
06/13/2023 10:02:54 PM: INFO: ----------------Entered name-----------------
06/13/2023 10:02:54 PM: INFO: ----------------Entered country-----------------
06/13/2023 10:02:54 PM: INFO: ----------------Entered city-----------------
06/13/2023 10:02:55 PM: INFO: ----------------Entered credit card number-----------------
06/13/2023 10:02:55 PM: INFO: ----------------Entered month-----------------
06/13/2023 10:02:55 PM: INFO: ----------------Entered year-----------------
06/13/2023 10:04:00 PM: INFO: ====== WebDriver manager ======
06/13/2023 10:04:00 PM: INFO: Driver [C:\Users\singh\.wdm\drivers\chromedriver\win32\114.0.5735.90\chromedriver.exe] found in cache
06/13/2023 10:04:06 PM: INFO: ----------------Clicked on the login link-----------------
06/13/2023 10:04:09 PM: INFO: ----------------Checked login page header text-----------------
06/13/2023 10:04:09 PM: INFO: ----------------Entered username-----------------
06/13/2023 10:04:10 PM: INFO: ----------------Entered password-----------------
06/13/2023 10:04:13 PM: INFO: ----------------Clicked on login button-----------------
06/13/2023 10:04:18 PM: INFO: ----------------Checked username on the home page after login-----------------
06/13/2023 10:04:18 PM: INFO: ----------------Clicked on the cart link-----------------
06/13/2023 10:04:21 PM: INFO: ----------------Checked delete button is present-----------------
06/13/2023 10:04:25 PM: INFO: ----------------Clicked on place order button-----------------
06/13/2023 10:04:28 PM: INFO: ----------------Checked place order page text-----------------
06/13/2023 10:04:28 PM: INFO: ----------------Entered name-----------------
06/13/2023 10:04:28 PM: INFO: ----------------Entered country-----------------
06/13/2023 10:04:28 PM: INFO: ----------------Entered city-----------------
06/13/2023 10:04:28 PM: INFO: ----------------Entered credit card number-----------------
06/13/2023 10:04:28 PM: INFO: ----------------Entered month-----------------
06/13/2023 10:04:28 PM: INFO: ----------------Entered year-----------------
06/13/2023 10:05:13 PM: INFO: ====== WebDriver manager ======
06/13/2023 10:05:13 PM: INFO: Driver [C:\Users\singh\.wdm\drivers\chromedriver\win32\114.0.5735.90\chromedriver.exe] found in cache
06/13/2023 10:05:19 PM: INFO: ----------------Clicked on the login link-----------------
06/13/2023 10:05:22 PM: INFO: ----------------Checked login page header text-----------------
06/13/2023 10:05:22 PM: INFO: ----------------Entered username-----------------
06/13/2023 10:05:22 PM: INFO: ----------------Entered password-----------------
06/13/2023 10:05:25 PM: INFO: ----------------Clicked on login button-----------------
06/13/2023 10:05:30 PM: INFO: ----------------Checked username on the home page after login-----------------
06/13/2023 10:17:21 PM: INFO: ====== WebDriver manager ======
06/13/2023 10:17:21 PM: INFO: Driver [C:\Users\singh\.wdm\drivers\chromedriver\win32\114.0.5735.90\chromedriver.exe] found in cache
06/13/2023 10:17:28 PM: INFO: ----------------Clicked on the login link-----------------
06/13/2023 10:17:31 PM: INFO: ----------------Checked login page header text-----------------
06/13/2023 10:17:31 PM: INFO: ----------------Entered username-----------------
06/13/2023 10:17:31 PM: INFO: ----------------Entered password-----------------
06/13/2023 10:17:34 PM: INFO: ----------------Clicked on login button-----------------
06/13/2023 10:17:39 PM: INFO: ----------------Checked username on the home page after login-----------------
06/13/2023 10:17:39 PM: INFO: ----------------Clicked on the cart link-----------------
06/13/2023 10:17:43 PM: INFO: ----------------Checked delete button is present-----------------
06/13/2023 10:19:16 PM: INFO: ====== WebDriver manager ======
06/13/2023 10:19:16 PM: INFO: Driver [C:\Users\singh\.wdm\drivers\chromedriver\win32\114.0.5735.90\chromedriver.exe] found in cache
06/13/2023 10:19:22 PM: INFO: ----------------Clicked on the login link-----------------
06/13/2023 10:19:25 PM: INFO: ----------------Checked login page header text-----------------
06/13/2023 10:19:25 PM: INFO: ----------------Entered username-----------------
06/13/2023 10:19:25 PM: INFO: ----------------Entered password-----------------
06/13/2023 10:19:29 PM: INFO: ----------------Clicked on login button-----------------
06/13/2023 10:19:34 PM: INFO: ----------------Checked username on the home page after login-----------------
06/13/2023 10:19:34 PM: INFO: ----------------Clicked on the cart link-----------------
06/13/2023 10:19:38 PM: INFO: ----------------Checked delete button is present-----------------
06/13/2023 10:19:41 PM: INFO: ----------------Clicked on place order button-----------------
06/13/2023 10:19:44 PM: INFO: ----------------Checked place order page text-----------------
06/13/2023 10:19:44 PM: INFO: ----------------Entered name-----------------
06/13/2023 10:19:44 PM: INFO: ----------------Entered country-----------------
06/13/2023 10:19:44 PM: INFO: ----------------Entered city-----------------
06/13/2023 10:19:44 PM: INFO: ----------------Entered credit card number-----------------
06/13/2023 10:19:44 PM: INFO: ----------------Entered month-----------------
06/13/2023 10:19:44 PM: INFO: ----------------Entered year-----------------
06/13/2023 10:21:44 PM: INFO: ====== WebDriver manager ======
06/13/2023 10:21:44 PM: INFO: Driver [C:\Users\singh\.wdm\drivers\chromedriver\win32\114.0.5735.90\chromedriver.exe] found in cache
06/13/2023 10:21:50 PM: INFO: ----------------Clicked on the login link-----------------
06/13/2023 10:21:53 PM: INFO: ----------------Checked login page header text-----------------
06/13/2023 10:21:53 PM: INFO: ----------------Entered username-----------------
06/13/2023 10:21:53 PM: INFO: ----------------Entered password-----------------
06/13/2023 10:21:56 PM: INFO: ----------------Clicked on login button-----------------
06/13/2023 10:22:01 PM: INFO: ----------------Checked username on the home page after login-----------------
06/13/2023 10:22:01 PM: INFO: ----------------Clicked on the cart link-----------------
06/13/2023 10:22:05 PM: INFO: ----------------Checked delete button is present-----------------
06/13/2023 10:22:08 PM: INFO: ----------------Clicked on place order button-----------------
06/13/2023 10:22:12 PM: INFO: ----------------Checked place order page text-----------------
06/13/2023 10:22:12 PM: INFO: ----------------Entered name-----------------
06/13/2023 10:22:12 PM: INFO: ----------------Entered country-----------------
06/13/2023 10:22:12 PM: INFO: ----------------Entered city-----------------
06/13/2023 10:22:12 PM: INFO: ----------------Entered credit card number-----------------
06/13/2023 10:22:12 PM: INFO: ----------------Entered month-----------------
06/13/2023 10:22:12 PM: INFO: ----------------Entered year-----------------
06/13/2023 10:22:15 PM: INFO: ----------------Clicked on purchase button-----------------
06/13/2023 10:22:18 PM: INFO: ----------------Checked thank you text is displayed-----------------
06/13/2023 10:22:53 PM: INFO: ====== WebDriver manager ======
06/13/2023 10:22:53 PM: INFO: Driver [C:\Users\singh\.wdm\drivers\chromedriver\win32\114.0.5735.90\chromedriver.exe] found in cache
06/13/2023 10:22:59 PM: INFO: ----------------Clicked on the login link-----------------
06/13/2023 10:23:02 PM: INFO: ----------------Checked login page header text-----------------
06/13/2023 10:23:02 PM: INFO: ----------------Entered username-----------------
06/13/2023 10:23:02 PM: INFO: ----------------Entered password-----------------
06/13/2023 10:23:05 PM: INFO: ----------------Clicked on login button-----------------
06/13/2023 10:23:10 PM: INFO: ----------------Checked username on the home page after login-----------------
06/13/2023 10:23:10 PM: INFO: ----------------Clicked on Laptop Category-----------------
06/13/2023 10:23:13 PM: INFO: ----------------Clicked on next button-----------------
06/13/2023 10:23:16 PM: INFO: ----------------Clicked on ASUS Full HD product-----------------
06/13/2023 10:23:20 PM: INFO: ----------------Checked product store page text-----------------
06/13/2023 10:23:20 PM: INFO: ----------------Checked asus product text-----------------
06/13/2023 10:23:20 PM: INFO: ----------------Checked asus product price value-----------------
06/13/2023 10:23:20 PM: INFO: ----------------Clicked on add to cart-----------------
06/13/2023 10:23:23 PM: INFO: ----------------Checked alert product_added-----------------
06/13/2023 10:23:23 PM: INFO: ----------------Clicked on the cart link-----------------
06/13/2023 10:23:27 PM: INFO: ----------------Checked asus item text-----------------
06/13/2023 10:23:27 PM: INFO: ----------------Checked asus item price value-----------------
06/13/2023 10:23:33 PM: INFO: ====== WebDriver manager ======
06/13/2023 10:23:34 PM: INFO: Driver [C:\Users\singh\.wdm\drivers\chromedriver\win32\114.0.5735.90\chromedriver.exe] found in cache
06/13/2023 10:23:40 PM: INFO: ----------------Clicked on the login link-----------------
06/13/2023 10:23:43 PM: INFO: ----------------Checked login page header text-----------------
06/13/2023 10:23:43 PM: INFO: ----------------Entered username-----------------
06/13/2023 10:23:43 PM: INFO: ----------------Entered password-----------------
06/13/2023 10:23:46 PM: INFO: ----------------Clicked on login button-----------------
06/13/2023 10:23:51 PM: INFO: ----------------Checked username on the home page after login-----------------
06/13/2023 10:23:51 PM: INFO: ----------------Clicked on the cart link-----------------
06/13/2023 10:23:55 PM: INFO: ----------------Checked delete button is present-----------------
06/13/2023 10:23:58 PM: INFO: ----------------Clicked on place order button-----------------
06/13/2023 10:24:01 PM: INFO: ----------------Checked place order page text-----------------
06/13/2023 10:24:01 PM: INFO: ----------------Entered name-----------------
06/13/2023 10:24:01 PM: INFO: ----------------Entered country-----------------
06/13/2023 10:24:01 PM: INFO: ----------------Entered city-----------------
06/13/2023 10:24:01 PM: INFO: ----------------Entered credit card number-----------------
06/13/2023 10:24:01 PM: INFO: ----------------Entered month-----------------
06/13/2023 10:24:01 PM: INFO: ----------------Entered year-----------------
06/13/2023 10:24:04 PM: INFO: ----------------Clicked on purchase button-----------------
06/13/2023 10:24:07 PM: INFO: ----------------Checked thank you text is displayed-----------------
06/14/2023 09:46:05 PM: INFO: ====== WebDriver manager ======
06/14/2023 09:46:05 PM: INFO: Get LATEST chromedriver version for google-chrome
06/14/2023 09:46:06 PM: INFO: About to download new driver from https://chromedriver.storage.googleapis.com/114.0.5735.90/chromedriver_win32.zip
06/14/2023 09:46:06 PM: INFO: Driver has been saved in cache [C:\Users\singh\.wdm\drivers\chromedriver\win32\114.0.5735.90]
06/14/2023 09:46:14 PM: INFO: ----------------Clicked on the login link-----------------
06/14/2023 09:46:17 PM: INFO: ----------------Checked login page header text-----------------
06/14/2023 09:46:17 PM: INFO: ----------------Entered username-----------------
06/14/2023 09:46:17 PM: INFO: ----------------Entered password-----------------
06/14/2023 09:46:20 PM: INFO: ----------------Clicked on login button-----------------
06/14/2023 09:46:26 PM: INFO: ----------------Checked username on the home page after login-----------------
06/14/2023 09:46:26 PM: INFO: ----------------Clicked on the cart link-----------------
06/14/2023 09:46:29 PM: INFO: ----------------Checked delete button is present-----------------
06/14/2023 09:48:20 PM: INFO: ====== WebDriver manager ======
06/14/2023 09:48:21 PM: INFO: Driver [C:\Users\singh\.wdm\drivers\chromedriver\win32\114.0.5735.90\chromedriver.exe] found in cache
06/14/2023 09:48:27 PM: INFO: ----------------Clicked on the login link-----------------
06/14/2023 09:48:30 PM: INFO: ----------------Checked login page header text-----------------
06/14/2023 09:48:30 PM: INFO: ----------------Entered username-----------------
06/14/2023 09:48:30 PM: INFO: ----------------Entered password-----------------
06/14/2023 09:48:33 PM: INFO: ----------------Clicked on login button-----------------
06/14/2023 09:48:38 PM: INFO: ----------------Checked username on the home page after login-----------------
06/14/2023 09:48:38 PM: INFO: ----------------Clicked on the cart link-----------------
06/14/2023 09:48:42 PM: INFO: ----------------Checked delete button is present-----------------
06/14/2023 09:48:45 PM: INFO: ----------------Clicked on place order button-----------------
06/14/2023 09:48:48 PM: INFO: ----------------Checked place order page text-----------------
06/14/2023 09:48:48 PM: INFO: ----------------Entered name-----------------
06/14/2023 09:48:48 PM: INFO: ----------------Entered country-----------------
06/14/2023 09:48:48 PM: INFO: ----------------Entered city-----------------
06/14/2023 09:48:48 PM: INFO: ----------------Entered credit card number-----------------
06/14/2023 09:48:48 PM: INFO: ----------------Entered month-----------------
06/14/2023 09:48:48 PM: INFO: ----------------Entered year-----------------
06/14/2023 09:48:52 PM: INFO: ----------------Clicked on purchase button-----------------
06/14/2023 09:48:55 PM: INFO: ----------------Checked thank you text is displayed-----------------
06/14/2023 09:50:32 PM: INFO: ====== WebDriver manager ======
06/14/2023 09:50:33 PM: INFO: Driver [C:\Users\singh\.wdm\drivers\chromedriver\win32\114.0.5735.90\chromedriver.exe] found in cache
06/14/2023 09:50:34 PM: INFO: ----------------Verification of home page title-----------------
06/16/2023 07:15:48 PM: INFO: ====== WebDriver manager ======
06/16/2023 07:15:48 PM: INFO: Get LATEST chromedriver version for google-chrome
06/16/2023 07:15:49 PM: INFO: About to download new driver from https://chromedriver.storage.googleapis.com/114.0.5735.90/chromedriver_win32.zip
06/16/2023 07:15:49 PM: INFO: Driver has been saved in cache [C:\Users\singh\.wdm\drivers\chromedriver\win32\114.0.5735.90]
06/16/2023 07:15:56 PM: INFO: ----------------Clicked on the login link-----------------
06/16/2023 07:16:00 PM: INFO: ----------------Checked login page header text-----------------
06/16/2023 07:16:00 PM: INFO: ----------------Entered username-----------------
06/16/2023 07:16:00 PM: INFO: ----------------Entered password-----------------
06/16/2023 07:16:03 PM: INFO: ----------------Clicked on login button-----------------
06/16/2023 07:16:08 PM: INFO: ----------------Checked username on the home page after login-----------------
06/16/2023 07:16:08 PM: INFO: ----------------Clicked on Laptop Category-----------------
06/16/2023 07:16:11 PM: INFO: ----------------Clicked on next button-----------------
06/16/2023 07:16:14 PM: INFO: ----------------Clicked on ASUS Full HD product-----------------
06/16/2023 07:16:18 PM: INFO: ----------------Checked product store page text-----------------
06/16/2023 07:16:18 PM: INFO: ----------------Checked asus product text-----------------
06/16/2023 07:16:18 PM: INFO: ----------------Checked asus product price value-----------------
06/16/2023 07:16:18 PM: INFO: ----------------Clicked on add to cart-----------------
06/16/2023 07:16:21 PM: INFO: ----------------Checked alert product_added-----------------
06/16/2023 07:16:21 PM: INFO: ----------------Clicked on the cart link-----------------
06/16/2023 07:16:25 PM: INFO: ----------------Checked asus item text-----------------
06/16/2023 07:16:25 PM: INFO: ----------------Checked asus item price value-----------------
06/16/2023 07:16:31 PM: INFO: ====== WebDriver manager ======
06/16/2023 07:16:32 PM: INFO: Driver [C:\Users\singh\.wdm\drivers\chromedriver\win32\114.0.5735.90\chromedriver.exe] found in cache
06/16/2023 07:16:39 PM: INFO: ----------------Clicked on the login link-----------------
06/16/2023 07:16:42 PM: INFO: ----------------Checked login page header text-----------------
06/16/2023 07:16:42 PM: INFO: ----------------Entered username-----------------
06/16/2023 07:16:42 PM: INFO: ----------------Entered password-----------------
06/16/2023 07:16:45 PM: INFO: ----------------Clicked on login button-----------------
06/16/2023 07:16:50 PM: INFO: ----------------Checked username on the home page after login-----------------
06/16/2023 07:16:51 PM: INFO: ----------------Clicked on the cart link-----------------
06/16/2023 07:16:54 PM: INFO: ----------------Checked delete button is present-----------------
06/16/2023 07:16:58 PM: INFO: ----------------Clicked on place order button-----------------
06/16/2023 07:17:01 PM: INFO: ----------------Checked place order page text-----------------
06/16/2023 07:17:01 PM: INFO: ----------------Entered name-----------------
06/16/2023 07:17:01 PM: INFO: ----------------Entered country-----------------
06/16/2023 07:17:01 PM: INFO: ----------------Entered city-----------------
06/16/2023 07:17:01 PM: INFO: ----------------Entered credit card number-----------------
06/16/2023 07:17:01 PM: INFO: ----------------Entered month-----------------
06/16/2023 07:17:01 PM: INFO: ----------------Entered year-----------------
06/16/2023 07:17:04 PM: INFO: ----------------Clicked on purchase button-----------------
06/16/2023 07:17:07 PM: INFO: ----------------Checked thank you text is displayed-----------------
06/16/2023 07:17:10 PM: INFO: ----------------Order ID is Printed -----------------
06/16/2023 07:17:10 PM: INFO: ----------------Ok Button is Clicked-----------------
06/16/2023 07:17:14 PM: INFO: ----------------Category displayed on home page-----------------
